# JRE version: OpenJDK Runtime Environment Temurin-17.0.13+11 (17.0.13+11) (build 17.0.13+11)
# Java VM: OpenJDK 64-Bit Server VM Temurin-17.0.13+11 (17.0.13+11, mixed mode, tiered, compressed oops, compressed class ptrs, parallel gc, linux-amd64)
GC Precious Log:
 CPUs: 8 total, 8 available
 Memory: 31821M
 Large Page Support: Disabled
 NUMA Support: Disabled
 Compressed Oops: Enabled (32-bit)
 Alignments: Space 512K, Generation 512K, Heap 2M
 Heap Min Capacity: 100M
 Heap Initial Capacity: 100M
 Heap Max Capacity: 1G
 Pre-touch: Disabled
 Parallel Workers: 8
Heap:
 PSYoungGen      total 28672K, used 28224K [0x00000000eab00000, 0x00000000ed280000, 0x0000000100000000)
  eden space 22528K, 100% used [0x00000000eab00000,0x00000000ec100000,0x00000000ec100000)
  from space 6144K, 92% used [0x00000000ec100000,0x00000000ec690000,0x00000000ec700000)
  to   space 7680K, 0% used [0x00000000ecb00000,0x00000000ecb00000,0x00000000ed280000)
 ParOldGen       total 406528K, used 405944K [0x00000000c0000000, 0x00000000d8d00000, 0x00000000eab00000)
  object space 406528K, 99% used [0x00000000c0000000,0x00000000d8c6e218,0x00000000d8d00000)
 Metaspace       used 81932K, committed 83456K, reserved 1179648K
  class space    used 8742K, committed 9408K, reserved 1048576K
GC Heap History (20 events):
Event: 64.135 GC heap after
{Heap after GC invocations=135 (full 9):
 PSYoungGen      total 28672K, used 6118K [0x00000000eab00000, 0x00000000ed300000, 0x0000000100000000)
  eden space 22528K, 0% used [0x00000000eab00000,0x00000000eab00000,0x00000000ec100000)
  from space 6144K, 99% used [0x00000000ec900000,0x00000000ecef9818,0x00000000ecf00000)
  to   space 8192K, 0% used [0x00000000ec100000,0x00000000ec100000,0x00000000ec900000)
 ParOldGen       total 406528K, used 379245K [0x00000000c0000000, 0x00000000d8d00000, 0x00000000eab00000)
  object space 406528K, 93% used [0x00000000c0000000,0x00000000d725b740,0x00000000d8d00000)
 Metaspace       used 81932K, committed 83456K, reserved 1179648K
  class space    used 8742K, committed 9408K, reserved 1048576K
}
Event: 64.298 GC heap before
{Heap before GC invocations=136 (full 9):
 PSYoungGen      total 28672K, used 28646K [0x00000000eab00000, 0x00000000ed300000, 0x0000000100000000)
  eden space 22528K, 100% used [0x00000000eab00000,0x00000000ec100000,0x00000000ec100000)
  from space 6144K, 99% used [0x00000000ec900000,0x00000000ecef9818,0x00000000ecf00000)
  to   space 8192K, 0% used [0x00000000ec100000,0x00000000ec100000,0x00000000ec900000)
 ParOldGen       total 406528K, used 379245K [0x00000000c0000000, 0x00000000d8d00000, 0x00000000eab00000)
  object space 406528K, 93% used [0x00000000c0000000,0x00000000d725b740,0x00000000d8d00000)
 Metaspace       used 81932K, committed 83456K, reserved 1179648K
  class space    used 8742K, committed 9408K, reserved 1048576K
}
Event: 64.318 GC heap after
{Heap after GC invocations=136 (full 9):
 PSYoungGen      total 30720K, used 5174K [0x00000000eab00000, 0x00000000ecf00000, 0x0000000100000000)
  eden space 22528K, 0% used [0x00000000eab00000,0x00000000eab00000,0x00000000ec100000)
  from space 8192K, 63% used [0x00000000ec100000,0x00000000ec60d8f8,0x00000000ec900000)
  to   space 6144K, 0% used [0x00000000ec900000,0x00000000ec900000,0x00000000ecf00000)
 ParOldGen       total 406528K, used 382893K [0x00000000c0000000, 0x00000000d8d00000, 0x00000000eab00000)
  object space 406528K, 94% used [0x00000000c0000000,0x00000000d75eb740,0x00000000d8d00000)
 Metaspace       used 81932K, committed 83456K, reserved 1179648K
  class space    used 8742K, committed 9408K, reserved 1048576K
}
Event: 64.434 GC heap before
{Heap before GC invocations=137 (full 9):
 PSYoungGen      total 30720K, used 27702K [0x00000000eab00000, 0x00000000ecf00000, 0x0000000100000000)
  eden space 22528K, 100% used [0x00000000eab00000,0x00000000ec100000,0x00000000ec100000)
  from space 8192K, 63% used [0x00000000ec100000,0x00000000ec60d8f8,0x00000000ec900000)
  to   space 6144K, 0% used [0x00000000ec900000,0x00000000ec900000,0x00000000ecf00000)
 ParOldGen       total 406528K, used 382893K [0x00000000c0000000, 0x00000000d8d00000, 0x00000000eab00000)
  object space 406528K, 94% used [0x00000000c0000000,0x00000000d75eb740,0x00000000d8d00000)
 Metaspace       used 81932K, committed 83456K, reserved 1179648K
  class space    used 8742K, committed 9408K, reserved 1048576K
}
Event: 64.449 GC heap after
{Heap after GC invocations=137 (full 9):
 PSYoungGen      total 28672K, used 6121K [0x00000000eab00000, 0x00000000ed300000, 0x0000000100000000)
  eden space 22528K, 0% used [0x00000000eab00000,0x00000000eab00000,0x00000000ec100000)
  from space 6144K, 99% used [0x00000000ec900000,0x00000000ecefa750,0x00000000ecf00000)
  to   space 8192K, 0% used [0x00000000ec100000,0x00000000ec100000,0x00000000ec900000)
 ParOldGen       total 406528K, used 384301K [0x00000000c0000000, 0x00000000d8d00000, 0x00000000eab00000)
  object space 406528K, 94% used [0x00000000c0000000,0x00000000d774b740,0x00000000d8d00000)
 Metaspace       used 81932K, committed 83456K, reserved 1179648K
  class space    used 8742K, committed 9408K, reserved 1048576K
}
Event: 64.608 GC heap before
{Heap before GC invocations=138 (full 9):
 PSYoungGen      total 28672K, used 28649K [0x00000000eab00000, 0x00000000ed300000, 0x0000000100000000)
  eden space 22528K, 100% used [0x00000000eab00000,0x00000000ec100000,0x00000000ec100000)
  from space 6144K, 99% used [0x00000000ec900000,0x00000000ecefa750,0x00000000ecf00000)
  to   space 8192K, 0% used [0x00000000ec100000,0x00000000ec100000,0x00000000ec900000)
 ParOldGen       total 406528K, used 384301K [0x00000000c0000000, 0x00000000d8d00000, 0x00000000eab00000)
  object space 406528K, 94% used [0x00000000c0000000,0x00000000d774b740,0x00000000d8d00000)
 Metaspace       used 81932K, committed 83456K, reserved 1179648K
  class space    used 8742K, committed 9408K, reserved 1048576K
}
Event: 64.638 GC heap after
{Heap after GC invocations=138 (full 9):
 PSYoungGen      total 30720K, used 5120K [0x00000000eab00000, 0x00000000ecf80000, 0x0000000100000000)
  eden space 22528K, 0% used [0x00000000eab00000,0x00000000eab00000,0x00000000ec100000)
  from space 8192K, 62% used [0x00000000ec100000,0x00000000ec600000,0x00000000ec900000)
  to   space 6144K, 0% used [0x00000000ec980000,0x00000000ec980000,0x00000000ecf80000)
 ParOldGen       total 406528K, used 388003K [0x00000000c0000000, 0x00000000d8d00000, 0x00000000eab00000)
  object space 406528K, 95% used [0x00000000c0000000,0x00000000d7ae8f58,0x00000000d8d00000)
 Metaspace       used 81932K, committed 83456K, reserved 1179648K
  class space    used 8742K, committed 9408K, reserved 1048576K
}
Event: 64.834 GC heap before
{Heap before GC invocations=139 (full 9):
 PSYoungGen      total 30720K, used 27648K [0x00000000eab00000, 0x00000000ecf80000, 0x0000000100000000)
  eden space 22528K, 100% used [0x00000000eab00000,0x00000000ec100000,0x00000000ec100000)
  from space 8192K, 62% used [0x00000000ec100000,0x00000000ec600000,0x00000000ec900000)
  to   space 6144K, 0% used [0x00000000ec980000,0x00000000ec980000,0x00000000ecf80000)
 ParOldGen       total 406528K, used 388003K [0x00000000c0000000, 0x00000000d8d00000, 0x00000000eab00000)
  object space 406528K, 95% used [0x00000000c0000000,0x00000000d7ae8f58,0x00000000d8d00000)
 Metaspace       used 81932K, committed 83456K, reserved 1179648K
  class space    used 8742K, committed 9408K, reserved 1048576K
}
Event: 64.849 GC heap after
{Heap after GC invocations=139 (full 9):
 PSYoungGen      total 28160K, used 6118K [0x00000000eab00000, 0x00000000ed580000, 0x0000000100000000)
  eden space 22016K, 0% used [0x00000000eab00000,0x00000000eab00000,0x00000000ec080000)
  from space 6144K, 99% used [0x00000000ec980000,0x00000000ecf79b90,0x00000000ecf80000)
  to   space 9216K, 0% used [0x00000000ec080000,0x00000000ec080000,0x00000000ec980000)
 ParOldGen       total 406528K, used 390162K [0x00000000c0000000, 0x00000000d8d00000, 0x00000000eab00000)
  object space 406528K, 95% used [0x00000000c0000000,0x00000000d7d04978,0x00000000d8d00000)
 Metaspace       used 81932K, committed 83456K, reserved 1179648K
  class space    used 8742K, committed 9408K, reserved 1048576K
}
Event: 64.980 GC heap before
{Heap before GC invocations=140 (full 9):
 PSYoungGen      total 28160K, used 28134K [0x00000000eab00000, 0x00000000ed580000, 0x0000000100000000)
  eden space 22016K, 100% used [0x00000000eab00000,0x00000000ec080000,0x00000000ec080000)
  from space 6144K, 99% used [0x00000000ec980000,0x00000000ecf79b90,0x00000000ecf80000)
  to   space 9216K, 0% used [0x00000000ec080000,0x00000000ec080000,0x00000000ec980000)
 ParOldGen       total 406528K, used 390162K [0x00000000c0000000, 0x00000000d8d00000, 0x00000000eab00000)
  object space 406528K, 95% used [0x00000000c0000000,0x00000000d7d04978,0x00000000d8d00000)
 Metaspace       used 81932K, committed 83456K, reserved 1179648K
  class space    used 8742K, committed 9408K, reserved 1048576K
}
Event: 65.005 GC heap after
{Heap after GC invocations=140 (full 9):
 PSYoungGen      total 31232K, used 5024K [0x00000000eab00000, 0x00000000ed000000, 0x0000000100000000)
  eden space 22016K, 0% used [0x00000000eab00000,0x00000000eab00000,0x00000000ec080000)
  from space 9216K, 54% used [0x00000000ec080000,0x00000000ec568000,0x00000000ec980000)
  to   space 6656K, 0% used [0x00000000ec980000,0x00000000ec980000,0x00000000ed000000)
 ParOldGen       total 406528K, used 393962K [0x00000000c0000000, 0x00000000d8d00000, 0x00000000eab00000)
  object space 406528K, 96% used [0x00000000c0000000,0x00000000d80babc0,0x00000000d8d00000)
 Metaspace       used 81932K, committed 83456K, reserved 1179648K
  class space    used 8742K, committed 9408K, reserved 1048576K
}
Event: 65.129 GC heap before
{Heap before GC invocations=141 (full 9):
 PSYoungGen      total 31232K, used 27040K [0x00000000eab00000, 0x00000000ed000000, 0x0000000100000000)
  eden space 22016K, 100% used [0x00000000eab00000,0x00000000ec080000,0x00000000ec080000)
  from space 9216K, 54% used [0x00000000ec080000,0x00000000ec568000,0x00000000ec980000)
  to   space 6656K, 0% used [0x00000000ec980000,0x00000000ec980000,0x00000000ed000000)
 ParOldGen       total 406528K, used 393962K [0x00000000c0000000, 0x00000000d8d00000, 0x00000000eab00000)
  object space 406528K, 96% used [0x00000000c0000000,0x00000000d80babc0,0x00000000d8d00000)
 Metaspace       used 81932K, committed 83456K, reserved 1179648K
  class space    used 8742K, committed 9408K, reserved 1048576K
}
Event: 65.145 GC heap after
{Heap after GC invocations=141 (full 9):
 PSYoungGen      total 30720K, used 6412K [0x00000000eab00000, 0x00000000ed100000, 0x0000000100000000)
  eden space 24064K, 0% used [0x00000000eab00000,0x00000000eab00000,0x00000000ec280000)
  from space 6656K, 96% used [0x00000000ec980000,0x00000000ecfc3010,0x00000000ed000000)
  to   space 7168K, 0% used [0x00000000ec280000,0x00000000ec280000,0x00000000ec980000)
 ParOldGen       total 406528K, used 395818K [0x00000000c0000000, 0x00000000d8d00000, 0x00000000eab00000)
  object space 406528K, 97% used [0x00000000c0000000,0x00000000d828abc0,0x00000000d8d00000)
 Metaspace       used 81932K, committed 83456K, reserved 1179648K
  class space    used 8742K, committed 9408K, reserved 1048576K
}
Event: 65.279 GC heap before
{Heap before GC invocations=142 (full 9):
 PSYoungGen      total 30720K, used 30476K [0x00000000eab00000, 0x00000000ed100000, 0x0000000100000000)
  eden space 24064K, 100% used [0x00000000eab00000,0x00000000ec280000,0x00000000ec280000)
  from space 6656K, 96% used [0x00000000ec980000,0x00000000ecfc3010,0x00000000ed000000)
  to   space 7168K, 0% used [0x00000000ec280000,0x00000000ec280000,0x00000000ec980000)
 ParOldGen       total 406528K, used 395818K [0x00000000c0000000, 0x00000000d8d00000, 0x00000000eab00000)
  object space 406528K, 97% used [0x00000000c0000000,0x00000000d828abc0,0x00000000d8d00000)
 Metaspace       used 81932K, committed 83456K, reserved 1179648K
  class space    used 8742K, committed 9408K, reserved 1048576K
}
Event: 65.290 GC heap after
{Heap after GC invocations=142 (full 9):
 PSYoungGen      total 31232K, used 6866K [0x00000000eab00000, 0x00000000ed300000, 0x0000000100000000)
  eden space 24064K, 0% used [0x00000000eab00000,0x00000000eab00000,0x00000000ec280000)
  from space 7168K, 95% used [0x00000000ec280000,0x00000000ec934a40,0x00000000ec980000)
  to   space 7168K, 0% used [0x00000000ecc00000,0x00000000ecc00000,0x00000000ed300000)
 ParOldGen       total 406528K, used 398410K [0x00000000c0000000, 0x00000000d8d00000, 0x00000000eab00000)
  object space 406528K, 98% used [0x00000000c0000000,0x00000000d8512bc0,0x00000000d8d00000)
 Metaspace       used 81932K, committed 83456K, reserved 1179648K
  class space    used 8742K, committed 9408K, reserved 1048576K
}
Event: 65.366 GC heap before
{Heap before GC invocations=143 (full 9):
 PSYoungGen      total 31232K, used 30930K [0x00000000eab00000, 0x00000000ed300000, 0x0000000100000000)
  eden space 24064K, 100% used [0x00000000eab00000,0x00000000ec280000,0x00000000ec280000)
  from space 7168K, 95% used [0x00000000ec280000,0x00000000ec934a40,0x00000000ec980000)
  to   space 7168K, 0% used [0x00000000ecc00000,0x00000000ecc00000,0x00000000ed300000)
 ParOldGen       total 406528K, used 398410K [0x00000000c0000000, 0x00000000d8d00000, 0x00000000eab00000)
  object space 406528K, 98% used [0x00000000c0000000,0x00000000d8512bc0,0x00000000d8d00000)
 Metaspace       used 81932K, committed 83456K, reserved 1179648K
  class space    used 8742K, committed 9408K, reserved 1048576K
}
Event: 65.372 GC heap after
{Heap after GC invocations=143 (full 9):
 PSYoungGen      total 29696K, used 7149K [0x00000000eab00000, 0x00000000edb00000, 0x0000000100000000)
  eden space 22528K, 0% used [0x00000000eab00000,0x00000000eab00000,0x00000000ec100000)
  from space 7168K, 99% used [0x00000000ecc00000,0x00000000ed2fb5d8,0x00000000ed300000)
  to   space 11264K, 0% used [0x00000000ec100000,0x00000000ec100000,0x00000000ecc00000)
 ParOldGen       total 406528K, used 401562K [0x00000000c0000000, 0x00000000d8d00000, 0x00000000eab00000)
  object space 406528K, 98% used [0x00000000c0000000,0x00000000d88269f0,0x00000000d8d00000)
 Metaspace       used 81932K, committed 83456K, reserved 1179648K
  class space    used 8742K, committed 9408K, reserved 1048576K
}
Event: 65.458 GC heap before
{Heap before GC invocations=144 (full 9):
 PSYoungGen      total 29696K, used 29677K [0x00000000eab00000, 0x00000000edb00000, 0x0000000100000000)
  eden space 22528K, 100% used [0x00000000eab00000,0x00000000ec100000,0x00000000ec100000)
  from space 7168K, 99% used [0x00000000ecc00000,0x00000000ed2fb5d8,0x00000000ed300000)
  to   space 11264K, 0% used [0x00000000ec100000,0x00000000ec100000,0x00000000ecc00000)
 ParOldGen       total 406528K, used 401562K [0x00000000c0000000, 0x00000000d8d00000, 0x00000000eab00000)
  object space 406528K, 98% used [0x00000000c0000000,0x00000000d88269f0,0x00000000d8d00000)
 Metaspace       used 81932K, committed 83456K, reserved 1179648K
  class space    used 8742K, committed 9408K, reserved 1048576K
}
Event: 65.479 GC heap after
{Heap after GC invocations=144 (full 9):
 PSYoungGen      total 28672K, used 5696K [0x00000000eab00000, 0x00000000ed280000, 0x0000000100000000)
  eden space 22528K, 0% used [0x00000000eab00000,0x00000000eab00000,0x00000000ec100000)
  from space 6144K, 92% used [0x00000000ec100000,0x00000000ec690000,0x00000000ec700000)
  to   space 7680K, 0% used [0x00000000ecb00000,0x00000000ecb00000,0x00000000ed280000)
 ParOldGen       total 406528K, used 405944K [0x00000000c0000000, 0x00000000d8d00000, 0x00000000eab00000)
  object space 406528K, 99% used [0x00000000c0000000,0x00000000d8c6e218,0x00000000d8d00000)
 Metaspace       used 81932K, committed 83456K, reserved 1179648K
  class space    used 8742K, committed 9408K, reserved 1048576K
}
Event: 65.609 GC heap before
{Heap before GC invocations=145 (full 10):
 PSYoungGen      total 28672K, used 28224K [0x00000000eab00000, 0x00000000ed280000, 0x0000000100000000)
  eden space 22528K, 100% used [0x00000000eab00000,0x00000000ec100000,0x00000000ec100000)
  from space 6144K, 92% used [0x00000000ec100000,0x00000000ec690000,0x00000000ec700000)
  to   space 7680K, 0% used [0x00000000ecb00000,0x00000000ecb00000,0x00000000ed280000)
 ParOldGen       total 406528K, used 405944K [0x00000000c0000000, 0x00000000d8d00000, 0x00000000eab00000)
  object space 406528K, 99% used [0x00000000c0000000,0x00000000d8c6e218,0x00000000d8d00000)
 Metaspace       used 81932K, committed 83456K, reserved 1179648K
  class space    used 8742K, committed 9408K, reserved 1048576K
}

